<?xml version="1.0" encoding="UTF-8"?>
<testng-results ignored="0" total="1" passed="1" failed="0" skipped="0">
  <reporter-output>
  </reporter-output>
  <suite started-at="2026-04-28T18:54:47 IST" name="Default suite" finished-at="2026-04-28T18:54:55 IST" duration-ms="8376">
    <groups>
    </groups>
    <test started-at="2026-04-28T18:54:47 IST" name="Default test" finished-at="2026-04-28T18:54:55 IST" duration-ms="8376">
      <class name="SeleniumFrameWork.LogInTest">
        <test-method signature="testLogin()[pri:0, instance:SeleniumFrameWork.LogInTest@2e4b8173]" started-at="2026-04-28T18:54:47 IST" name="testLogin" finished-at="2026-04-28T18:54:55 IST" duration-ms="8334" status="PASS">
          <reporter-output>
          </reporter-output>
        </test-method> <!-- testLogin -->
      </class> <!-- SeleniumFrameWork.LogInTest -->
    </test> <!-- Default test -->
  </suite> <!-- Default suite -->
</testng-results>
